<?xml version="1.0" encoding="UTF-8"?>
<testng-results ignored="0" total="1" passed="1" failed="0" skipped="0">
  <reporter-output>
  </reporter-output>
  <suite started-at="2022-12-04T23:28:39 EST" name="Default suite" finished-at="2022-12-04T23:28:48 EST" duration-ms="9236">
    <groups>
    </groups>
    <test started-at="2022-12-04T23:28:39 EST" name="Default test" finished-at="2022-12-04T23:28:48 EST" duration-ms="9236">
      <class name="test3.Class3">
        <test-method signature="ScreenRecording()[pri:0, instance:test3.Class3@e15b7e8]" started-at="2022-12-04T23:28:39 EST" name="ScreenRecording" finished-at="2022-12-04T23:28:48 EST" duration-ms="9194" status="PASS">
          <reporter-output>
          </reporter-output>
        </test-method> <!-- ScreenRecording -->
      </class> <!-- test3.Class3 -->
    </test> <!-- Default test -->
  </suite> <!-- Default suite -->
</testng-results>
